<?xml version="1.0" encoding="UTF-8"?>
<testng-results ignored="0" total="1" passed="1" failed="0" skipped="0">
  <reporter-output>
  </reporter-output>
  <suite started-at="2023-04-04T12:33:03 IST" name="Flipkart Suite" finished-at="2023-04-04T12:33:27 IST" duration-ms="23841">
    <groups>
    </groups>
    <test started-at="2023-04-04T12:33:03 IST" name="Flipkart Test" finished-at="2023-04-04T12:33:27 IST" duration-ms="23841">
      <class name="testcases.volvoMenu">
        <test-method is-config="true" signature="setUp()[pri:0, instance:testcases.volvoMenu@46cdf8bd]" started-at="2023-04-04T12:33:03 IST" name="setUp" finished-at="2023-04-04T12:33:08 IST" duration-ms="4797" status="PASS">
          <reporter-output>
          </reporter-output>
        </test-method> <!-- setUp -->
        <test-method signature="MenuTest()[pri:0, instance:testcases.volvoMenu@46cdf8bd]" started-at="2023-04-04T12:33:08 IST" name="MenuTest" finished-at="2023-04-04T12:33:26 IST" duration-ms="18800" status="PASS">
          <reporter-output>
          </reporter-output>
        </test-method> <!-- MenuTest -->
        <test-method is-config="true" signature="tearDown()[pri:0, instance:testcases.volvoMenu@46cdf8bd]" started-at="2023-04-04T12:33:26 IST" name="tearDown" finished-at="2023-04-04T12:33:27 IST" duration-ms="193" status="PASS">
          <reporter-output>
          </reporter-output>
        </test-method> <!-- tearDown -->
      </class> <!-- testcases.volvoMenu -->
    </test> <!-- Flipkart Test -->
  </suite> <!-- Flipkart Suite -->
</testng-results>
